#
# A fatal error has been detected by the Java Runtime Environment:
#
#  EXCEPTION_ACCESS_VIOLATION (0xc0000005) at pc=0x000000006da01145, pid=6512, tid=3824
#
# JRE version: 6.0_27-b07
# Java VM: Java HotSpot(TM) 64-Bit Server VM (20.2-b06 mixed mode windows-amd64 compressed oops)
# Problematic frame:
# V  [jvm.dll+0x211145]
#
# If you would like to submit a bug report, please visit:
#   http://java.sun.com/webapps/bugreport/crash.jsp
#

---------------  T H R E A D  ---------------

Current thread (0x000000000002b800):  JavaThread "main" [_thread_in_vm, id=3824, stack(0x0000000002370000,0x0000000002470000)]

siginfo: ExceptionCode=0xc0000005, reading address 0x00000002bb3e9dd8

Registers:
RAX=0x00000002bb3e9dd8, RBX=0x000000000002b800, RCX=0x0000000000000000, RDX=0x00000000d4670720
RSP=0x000000000246d2e0, RBP=0x00000000d4670720, RSI=0x00000002bb3e9dd8, RDI=0x000000000628afb8
R8 =0x00000002bb3e9dd8, R9 =0x0000000000000000, R10=0x000000000266de32, R11=0x0000000000000000
R12=0x0000000000000000, R13=0x0000007fffffff00, R14=0x000000000246d420, R15=0x000000000002b800
RIP=0x000000006da01145, EFLAGS=0x0000000000010206

Top of Stack: (sp=0x000000000246d2e0)
0x000000000246d2e0:   000000000002b800 00000000d4670720
0x000000000246d2f0:   0000000000000000 000000000246d3f0
0x000000000246d300:   00000000fb510f98 00000000fa8a6930
0x000000000246d310:   0000000000000000 000000000268bb9c
0x000000000246d320:   00000000fa8a6db0 0000000002506584
0x000000000246d330:   0000000000000000 000000006d92452d
0x000000000246d340:   0000000000000004 000000000267d138
0x000000000246d350:   0000000000000000 000000006da02120
0x000000000246d360:   00000002bb3e9dd8 000000000002b800
0x000000000246d370:   00000000d4670720 000000000246d3f0
0x000000000246d380:   00000000c2195b00 0000000000000000
0x000000000246d390:   0000000000000000 000000006d947395
0x000000000246d3a0:   000000000002b800 000000000246d430
0x000000000246d3b0:   0000000000000000 000000000246d3f0
0x000000000246d3c0:   000000000246d448 000000000266deac
0x000000000246d3d0:   00000000fa8a7448 0000000002688718 

Instructions: (pc=0x000000006da01145)
0x000000006da01125:   b6 ce d0 e9 f6 c1 01 0f 84 73 fd ff ff 48 83 f6
0x000000006da01135:   02 48 8b c6 e9 1e 02 00 00 48 8b c6 48 83 e0 fd
0x000000006da01145:   48 8b 00 48 89 07 48 89 77 18 4c 89 67 20 4c 89
0x000000006da01155:   67 70 48 89 6f 08 48 8b 45 00 48 85 c0 74 24 4c 


Register to memory mapping:

RAX=0x00000002bb3e9dd8 is an unknown value
RBX=0x000000000002b800 is a thread
RCX=0x0000000000000000 is an unknown value
RDX=
[error occurred during error reporting (printing register info), id 0xc0000005]

Stack: [0x0000000002370000,0x0000000002470000],  sp=0x000000000246d2e0,  free space=1012k
Native frames: (J=compiled Java code, j=interpreted, Vv=VM code, C=native code)
V  [jvm.dll+0x211145]

Java frames: (J=compiled Java code, j=interpreted, Vv=VM code)
J  java.lang.System.identityHashCode(Ljava/lang/Object;)I
J  java.io.ObjectOutputStream.writeObject0(Ljava/lang/Object;Z)V
J  java.io.ObjectOutputStream.defaultWriteFields(Ljava/lang/Object;Ljava/io/ObjectStreamClass;)V
J  java.io.ObjectOutputStream.writeSerialData(Ljava/lang/Object;Ljava/io/ObjectStreamClass;)V
J  java.io.ObjectOutputStream.writeObject0(Ljava/lang/Object;Z)V
J  java.io.ObjectOutputStream.defaultWriteFields(Ljava/lang/Object;Ljava/io/ObjectStreamClass;)V
J  java.io.ObjectOutputStream.writeSerialData(Ljava/lang/Object;Ljava/io/ObjectStreamClass;)V
J  java.io.ObjectOutputStream.writeObject0(Ljava/lang/Object;Z)V
J  java.io.ObjectOutputStream.defaultWriteFields(Ljava/lang/Object;Ljava/io/ObjectStreamClass;)V
J  java.io.ObjectOutputStream.writeSerialData(Ljava/lang/Object;Ljava/io/ObjectStreamClass;)V
J  java.io.ObjectOutputStream.writeObject0(Ljava/lang/Object;Z)V
J  java.io.ObjectOutputStream.defaultWriteFields(Ljava/lang/Object;Ljava/io/ObjectStreamClass;)V
J  java.io.ObjectOutputStream.writeSerialData(Ljava/lang/Object;Ljava/io/ObjectStreamClass;)V
J  java.io.ObjectOutputStream.writeObject0(Ljava/lang/Object;Z)V
J  java.io.ObjectOutputStream.defaultWriteFields(Ljava/lang/Object;Ljava/io/ObjectStreamClass;)V
J  java.io.ObjectOutputStream.writeSerialData(Ljava/lang/Object;Ljava/io/ObjectStreamClass;)V
J  java.io.ObjectOutputStream.writeObject0(Ljava/lang/Object;Z)V
J  java.io.ObjectOutputStream.defaultWriteFields(Ljava/lang/Object;Ljava/io/ObjectStreamClass;)V
J  java.io.ObjectOutputStream.writeSerialData(Ljava/lang/Object;Ljava/io/ObjectStreamClass;)V
J  java.io.ObjectOutputStream.writeObject0(Ljava/lang/Object;Z)V
J  java.io.ObjectOutputStream.defaultWriteFields(Ljava/lang/Object;Ljava/io/ObjectStreamClass;)V
J  java.io.ObjectOutputStream.writeSerialData(Ljava/lang/Object;Ljava/io/ObjectStreamClass;)V
J  java.io.ObjectOutputStream.writeObject0(Ljava/lang/Object;Z)V
J  java.io.ObjectOutputStream.defaultWriteFields(Ljava/lang/Object;Ljava/io/ObjectStreamClass;)V
J  java.io.ObjectOutputStream.writeSerialData(Ljava/lang/Object;Ljava/io/ObjectStreamClass;)V
J  java.io.ObjectOutputStream.writeObject0(Ljava/lang/Object;Z)V
J  java.io.ObjectOutputStream.defaultWriteFields(Ljava/lang/Object;Ljava/io/ObjectStreamClass;)V
J  java.io.ObjectOutputStream.writeSerialData(Ljava/lang/Object;Ljava/io/ObjectStreamClass;)V
J  java.io.ObjectOutputStream.writeObject0(Ljava/lang/Object;Z)V
J  java.io.ObjectOutputStream.defaultWriteFields(Ljava/lang/Object;Ljava/io/ObjectStreamClass;)V
J  java.io.ObjectOutputStream.writeSerialData(Ljava/lang/Object;Ljava/io/ObjectStreamClass;)V
J  java.io.ObjectOutputStream.writeObject0(Ljava/lang/Object;Z)V
J  java.io.ObjectOutputStream.defaultWriteFields(Ljava/lang/Object;Ljava/io/ObjectStreamClass;)V
J  java.io.ObjectOutputStream.writeSerialData(Ljava/lang/Object;Ljava/io/ObjectStreamClass;)V
J  java.io.ObjectOutputStream.writeObject0(Ljava/lang/Object;Z)V
J  java.io.ObjectOutputStream.defaultWriteFields(Ljava/lang/Object;Ljava/io/ObjectStreamClass;)V
J  java.io.ObjectOutputStream.writeSerialData(Ljava/lang/Object;Ljava/io/ObjectStreamClass;)V
J  java.io.ObjectOutputStream.writeObject0(Ljava/lang/Object;Z)V
J  java.io.ObjectOutputStream.defaultWriteFields(Ljava/lang/Object;Ljava/io/ObjectStreamClass;)V
J  java.io.ObjectOutputStream.writeSerialData(Ljava/lang/Object;Ljava/io/ObjectStreamClass;)V
J  java.io.ObjectOutputStream.writeObject0(Ljava/lang/Object;Z)V
J  java.io.ObjectOutputStream.defaultWriteFields(Ljava/lang/Object;Ljava/io/ObjectStreamClass;)V
J  java.io.ObjectOutputStream.writeSerialData(Ljava/lang/Object;Ljava/io/ObjectStreamClass;)V
J  java.io.ObjectOutputStream.writeObject0(Ljava/lang/Object;Z)V
J  java.io.ObjectOutputStream.defaultWriteFields(Ljava/lang/Object;Ljava/io/ObjectStreamClass;)V
J  java.io.ObjectOutputStream.writeSerialData(Ljava/lang/Object;Ljava/io/ObjectStreamClass;)V
J  java.io.ObjectOutputStream.writeObject0(Ljava/lang/Object;Z)V
J  java.io.ObjectOutputStream.defaultWriteFields(Ljava/lang/Object;Ljava/io/ObjectStreamClass;)V
J  java.io.ObjectOutputStream.writeSerialData(Ljava/lang/Object;Ljava/io/ObjectStreamClass;)V
J  java.io.ObjectOutputStream.writeObject0(Ljava/lang/Object;Z)V
J  java.io.ObjectOutputStream.defaultWriteFields(Ljava/lang/Object;Ljava/io/ObjectStreamClass;)V
J  java.io.ObjectOutputStream.writeSerialData(Ljava/lang/Object;Ljava/io/ObjectStreamClass;)V
J  java.io.ObjectOutputStream.writeObject0(Ljava/lang/Object;Z)V
J  java.io.ObjectOutputStream.defaultWriteFields(Ljava/lang/Object;Ljava/io/ObjectStreamClass;)V
J  java.io.ObjectOutputStream.writeSerialData(Ljava/lang/Object;Ljava/io/ObjectStreamClass;)V
J  java.io.ObjectOutputStream.writeObject0(Ljava/lang/Object;Z)V
J  java.io.ObjectOutputStream.defaultWriteFields(Ljava/lang/Object;Ljava/io/ObjectStreamClass;)V
J  java.io.ObjectOutputStream.writeSerialData(Ljava/lang/Object;Ljava/io/ObjectStreamClass;)V
J  java.io.ObjectOutputStream.writeObject0(Ljava/lang/Object;Z)V
J  java.io.ObjectOutputStream.defaultWriteFields(Ljava/lang/Object;Ljava/io/ObjectStreamClass;)V
J  java.io.ObjectOutputStream.writeSerialData(Ljava/lang/Object;Ljava/io/ObjectStreamClass;)V
J  java.io.ObjectOutputStream.writeObject0(Ljava/lang/Object;Z)V
J  java.io.ObjectOutputStream.defaultWriteFields(Ljava/lang/Object;Ljava/io/ObjectStreamClass;)V
J  java.io.ObjectOutputStream.writeSerialData(Ljava/lang/Object;Ljava/io/ObjectStreamClass;)V
J  java.io.ObjectOutputStream.writeObject0(Ljava/lang/Object;Z)V
j  java.io.ObjectOutputStream.defaultWriteFields(Ljava/lang/Object;Ljava/io/ObjectStreamClass;)V+193
j  java.io.ObjectOutputStream.writeSerialData(Ljava/lang/Object;Ljava/io/ObjectStreamClass;)V+211
j  java.io.ObjectOutputStream.writeOrdinaryObject(Ljava/lang/Object;Ljava/io/ObjectStreamClass;Z)V+137
j  java.io.ObjectOutputStream.writeObject0(Ljava/lang/Object;Z)V+506
j  java.io.ObjectOutputStream.defaultWriteFields(Ljava/lang/Object;Ljava/io/ObjectStreamClass;)V+193
j  java.io.ObjectOutputStream.writeSerialData(Ljava/lang/Object;Ljava/io/ObjectStreamClass;)V+211
j  java.io.ObjectOutputStream.writeOrdinaryObject(Ljava/lang/Object;Ljava/io/ObjectStreamClass;Z)V+137
j  java.io.ObjectOutputStream.writeObject0(Ljava/lang/Object;Z)V+506
j  java.io.ObjectOutputStream.defaultWriteFields(Ljava/lang/Object;Ljava/io/ObjectStreamClass;)V+193
j  java.io.ObjectOutputStream.writeSerialData(Ljava/lang/Object;Ljava/io/ObjectStreamClass;)V+211
j  java.io.ObjectOutputStream.writeOrdinaryObject(Ljava/lang/Object;Ljava/io/ObjectStreamClass;Z)V+137
j  java.io.ObjectOutputStream.writeObject0(Ljava/lang/Object;Z)V+506
j  java.io.ObjectOutputStream.writeObject(Ljava/lang/Object;)V+16
j  ObjectLoader.save(Ljava/lang/Object;Ljava/lang/String;)V+20
J  TrendingTweetPuller.main([Ljava/lang/String;)V
v  ~StubRoutines::call_stub

---------------  P R O C E S S  ---------------

Java Threads: ( => current thread )
  0x000000000630b800 JavaThread "Low Memory Detector" daemon [_thread_blocked, id=6036, stack(0x00000000073d0000,0x00000000074d0000)]
  0x00000000062f5800 JavaThread "C2 CompilerThread1" daemon [_thread_blocked, id=2588, stack(0x00000000072d0000,0x00000000073d0000)]
  0x00000000062e1000 JavaThread "C2 CompilerThread0" daemon [_thread_blocked, id=2012, stack(0x00000000071d0000,0x00000000072d0000)]
  0x00000000062de800 JavaThread "Attach Listener" daemon [_thread_blocked, id=3772, stack(0x00000000070d0000,0x00000000071d0000)]
  0x00000000062de000 JavaThread "Signal Dispatcher" daemon [_thread_blocked, id=7040, stack(0x0000000006fd0000,0x00000000070d0000)]
  0x000000000628c000 JavaThread "Finalizer" daemon [_thread_blocked, id=5204, stack(0x0000000006ed0000,0x0000000006fd0000)]
  0x0000000006286000 JavaThread "Reference Handler" daemon [_thread_blocked, id=3136, stack(0x0000000006dd0000,0x0000000006ed0000)]
=>0x000000000002b800 JavaThread "main" [_thread_in_vm, id=3824, stack(0x0000000002370000,0x0000000002470000)]

Other Threads:
  0x000000000627a800 VMThread [stack: 0x0000000006cd0000,0x0000000006dd0000] [id=4804]
  0x0000000006324800 WatcherThread [stack: 0x00000000074d0000,0x00000000075d0000] [id=3864]

VM state:not at safepoint (normal execution)

VM Mutex/Monitor currently owned by a thread: None

Heap
 PSYoungGen      total 206592K, used 107950K [0x00000000eab60000, 0x00000000ff240000, 0x0000000100000000)
  eden space 104768K, 26% used [0x00000000eab60000,0x00000000ec61f838,0x00000000f11b0000)
  from space 101824K, 79% used [0x00000000f7dc0000,0x00000000fcc6c030,0x00000000fe130000)
  to   space 110656K, 0% used [0x00000000f11b0000,0x00000000f11b0000,0x00000000f7dc0000)
 PSOldGen        total 604992K, used 422266K [0x00000000c0200000, 0x00000000e50d0000, 0x00000000eab60000)
  object space 604992K, 69% used [0x00000000c0200000,0x00000000d9e5e9f0,0x00000000e50d0000)
 PSPermGen       total 21248K, used 8490K [0x00000000bb000000, 0x00000000bc4c0000, 0x00000000c0200000)
  object space 21248K, 39% used [0x00000000bb000000,0x00000000bb84a820,0x00000000bc4c0000)

Code Cache  [0x0000000002470000, 0x00000000026e0000, 0x0000000005470000)
 total_blobs=792 nmethods=561 adapters=184 free_code_cache=48103872 largest_free_block=7872

Dynamic libraries:
0x0000000000400000 - 0x000000000042e000 	C:\Users\Antonio\algs4\java\bin\javaw.exe
0x00000000775e0000 - 0x0000000077789000 	C:\Windows\SYSTEM32\ntdll.dll
0x00000000774c0000 - 0x00000000775df000 	C:\Windows\system32\kernel32.dll
0x000007fefcfc0000 - 0x000007fefd02c000 	C:\Windows\system32\KERNELBASE.dll
0x000007fefe780000 - 0x000007fefe85b000 	C:\Windows\system32\ADVAPI32.dll
0x000007fefe930000 - 0x000007fefe9cf000 	C:\Windows\system32\msvcrt.dll
0x000007fefe760000 - 0x000007fefe77f000 	C:\Windows\SYSTEM32\sechost.dll
0x000007fefe130000 - 0x000007fefe25d000 	C:\Windows\system32\RPCRT4.dll
0x0000000077110000 - 0x000000007720a000 	C:\Windows\system32\USER32.dll
0x000007fefe650000 - 0x000007fefe6b7000 	C:\Windows\system32\GDI32.dll
0x000007fefe750000 - 0x000007fefe75e000 	C:\Windows\system32\LPK.dll
0x000007fefe860000 - 0x000007fefe929000 	C:\Windows\system32\USP10.dll
0x000007fefe580000 - 0x000007fefe5ae000 	C:\Windows\system32\IMM32.DLL
0x000007fefd240000 - 0x000007fefd349000 	C:\Windows\system32\MSCTF.dll
0x000000006d7f0000 - 0x000000006dfa8000 	C:\Users\Antonio\algs4\java\bin\server\jvm.dll
0x000007fefba60000 - 0x000007fefba9b000 	C:\Windows\system32\WINMM.dll
0x000000006d760000 - 0x000000006d76e000 	C:\Users\Antonio\algs4\java\bin\verify.dll
0x000000006d3b0000 - 0x000000006d3d7000 	C:\Users\Antonio\algs4\java\bin\java.dll
0x000000006d7b0000 - 0x000000006d7c2000 	C:\Users\Antonio\algs4\java\bin\zip.dll
0x000000006d600000 - 0x000000006d617000 	C:\Users\Antonio\algs4\java\bin\net.dll
0x000007fefe0e0000 - 0x000007fefe12d000 	C:\Windows\system32\WS2_32.dll
0x000007fefe6c0000 - 0x000007fefe6c8000 	C:\Windows\system32\NSI.dll
0x000007fefc6e0000 - 0x000007fefc735000 	C:\Windows\system32\mswsock.dll
0x000007fefc6d0000 - 0x000007fefc6d7000 	C:\Windows\System32\wship6.dll
0x000007fefac70000 - 0x000007fefac85000 	C:\Windows\system32\NLAapi.dll
0x000007fef7190000 - 0x000007fef71a5000 	C:\Windows\system32\napinsp.dll
0x000007fef71b0000 - 0x000007fef71c9000 	C:\Windows\system32\pnrpnsp.dll
0x000007fefc560000 - 0x000007fefc5bb000 	C:\Windows\system32\DNSAPI.dll
0x000007fef74b0000 - 0x000007fef74bb000 	C:\Windows\System32\winrnr.dll
0x0000000070670000 - 0x0000000070696000 	C:\Program Files\Bonjour\mdnsNSP.dll
0x000007fefad70000 - 0x000007fefad97000 	C:\Windows\system32\Iphlpapi.DLL
0x000007fefad60000 - 0x000007fefad6b000 	C:\Windows\system32\WINNSI.DLL
0x000007fef81b0000 - 0x000007fef81df000 	C:\Program Files\Common Files\Microsoft Shared\Windows Live\WLIDNSP.DLL
0x00000000777a0000 - 0x00000000777a7000 	C:\Windows\system32\PSAPI.DLL
0x000007fefebe0000 - 0x000007fefec51000 	C:\Windows\system32\SHLWAPI.dll
0x000007fefc050000 - 0x000007fefc057000 	C:\Windows\System32\wshtcpip.dll
0x000007fef81a0000 - 0x000007fef81a8000 	C:\Windows\system32\rasadhlp.dll
0x000007fefa6e0000 - 0x000007fefa733000 	C:\Windows\System32\fwpuclnt.dll

VM Arguments:
jvm_args: -Dfile.encoding=Cp1252 
java_command: TrendingTweetPuller
Launcher Type: SUN_STANDARD

Environment Variables:
CLASSPATH=C:\Users\Antonio\algs4\algs4.jar;C:\Users\Antonio\algs4\stdlib.jar;C:\Users\Antonio\introcs\algs4.jar;C:\Users\Antonio\introcs\stdlib.jar;C:\Users\Antonio\introcs\j3d\lib\ext\j3dutils.jar;C:\Users\Antonio\introcs\j3d\lib\ext\j3dcore.jar;C:\Users\Antonio\introcs\j3d\lib\ext\vecmath.jar;.;C:\Program Files (x86)\Java\jre6\lib\ext\QTJava.zip
PATH=C:/Users/Antonio/algs4/java/bin/server;C:/Users/Antonio/algs4/java/bin;C:/Users/Antonio/algs4/java/lib/amd64;C:\Program Files (x86)\AMD APP\bin\x86_64;C:\Program Files (x86)\AMD APP\bin\x86;C:\Users\Antonio\algs4\java\bin;C:\Program Files\Common Files\Microsoft Shared\Windows Live;C:\Program Files (x86)\Common Files\Microsoft Shared\Windows Live;C:\Users\Antonio\introcs\java\bin;C:\Windows\system32;C:\Windows;C:\Windows\System32\Wbem;C:\Windows\System32\WindowsPowerShell\v1.0\;C:\Program Files\Intel\WiFi\bin\;C:\Program Files\Common Files\Intel\WirelessCommon\;C:\Program Files (x86)\Windows Live\Shared;C:\Program Files (x86)\ATI Technologies\ATI.ACE\Core-Static;C:\Program Files (x86)\QuickTime\QTSystem\;C:\Users\Antonio\algs4\bin;C:\Users\Antonio\algs4\java\bin;C:\Users\Antonio\introcs\bin;C:\Users\Antonio\introcs\j3d\bin;C:\Users\Antonio\introcs\java\bin;;C:\Users\Antonio\Documents\Stuff\eclipse;
USERNAME=Antonio
OS=Windows_NT
PROCESSOR_IDENTIFIER=Intel64 Family 6 Model 30 Stepping 5, GenuineIntel



---------------  S Y S T E M  ---------------

OS: Windows 7 , 64 bit Build 7601 Service Pack 1

CPU:total 8 (4 cores per cpu, 2 threads per core) family 6 model 30 stepping 5, cmov, cx8, fxsr, mmx, sse, sse2, sse3, ssse3, sse4.1, sse4.2, popcnt, ht

Memory: 4k page, physical 4182528k(1005812k free), swap 8363204k(4226460k free)

vm_info: Java HotSpot(TM) 64-Bit Server VM (20.2-b06) for windows-amd64 JRE (1.6.0_27-b07), built on Jul 19 2011 01:08:22 by "java_re" with MS VC++ 8.0 (VS2005)

time: Mon Jun 11 16:07:10 2012
elapsed time: 943 seconds

