#
# A fatal error has been detected by the Java Runtime Environment:
#
#  EXCEPTION_ACCESS_VIOLATION (0xc0000005) at pc=0x000000006dbb9a2a, pid=7840, tid=7832
#
# JRE version: 6.0_27-b07
# Java VM: Java HotSpot(TM) 64-Bit Server VM (20.2-b06 mixed mode windows-amd64 compressed oops)
# Problematic frame:
# V  [jvm.dll+0x3c9a2a]
#
# If you would like to submit a bug report, please visit:
#   http://java.sun.com/webapps/bugreport/crash.jsp
#

---------------  T H R E A D  ---------------

Current thread (0x0000000006388000):  VMThread [stack: 0x0000000006de0000,0x0000000006ee0000] [id=7832]

siginfo: ExceptionCode=0xc0000005, reading address 0x0000000000000018

Registers:
RAX=0x0000000000000000, RBX=0x00000000002b9940, RCX=0x0000000000000000, RDX=0x000000000002000e
RSP=0x0000000006edf8e0, RBP=0x00000000cda5ae40, RSI=0x00000000cdb3dd60, RDI=0x00000000c3f97b08
R8 =0xffffffffffffc010, R9 =0x0000000000000001, R10=0x0000000000000001, R11=0x000000000000000c
R12=0x00000000d4d0bec8, R13=0x00000000d5690000, R14=0x00000000002c3350, R15=0x00000000cda5ae40
RIP=0x000000006dbb9a2a, EFLAGS=0x0000000000010246

Top of Stack: (sp=0x0000000006edf8e0)
0x0000000006edf8e0:   00000000002c4450 00000000002b9940
0x0000000006edf8f0:   00000000c3f2c6a0 00000000c3f1fb68
0x0000000006edf900:   0000000000000000 00000000cda5abd8
0x0000000006edf910:   00000000c3f2c6b0 00000000d4d0bec8
0x0000000006edf920:   00000000c3f97aeb 000000006dbc5d22
0x0000000006edf930:   0000000000000012 00000000002c4450
0x0000000006edf940:   000000000024d050 00000000002c3330
0x0000000006edf950:   00000000002c4450 000000006dbba12e
0x0000000006edf960:   00000000002b9940 00000000002c3330
0x0000000006edf970:   00000000002c32a0 000000000024a800
0x0000000006edf980:   00000000002c3330 000000006dbb8e3e
0x0000000006edf990:   0000000006368801 00000000002c32a0
0x0000000006edf9a0:   0000000000000000 00000000063687a0
0x0000000006edf9b0:   00000000002b7f40 00000000137d0001
0x0000000006edf9c0:   0000000006edfa01 0000000000000001
0x0000000006edf9d0:   00000000002c2901 0000000002933520 

Instructions: (pc=0x000000006dbb9a2a)
0x000000006dbb9a0a:   00 45 84 c9 74 16 8b 46 08 0f b6 0d 16 b8 33 00
0x000000006dbb9a1a:   48 d3 e0 48 03 05 04 b8 33 00 eb 04 48 8b 46 08
0x000000006dbb9a2a:   48 63 50 18 4c 8d 40 10 8b ca c1 f9 03 85 d2 7f
0x000000006dbb9a3a:   62 85 d2 79 47 45 84 c9 4c 63 0d 9b 11 35 00 4c 


Register to memory mapping:

RAX=0x0000000000000000 is an unknown value
RBX=0x00000000002b9940 is an unknown value
RCX=0x0000000000000000 is an unknown value
RDX=0x000000000002000e is an unknown value
RSP=0x0000000006edf8e0 is an unknown value
RBP=
[error occurred during error reporting (printing register info), id 0xc0000005]

Stack: [0x0000000006de0000,0x0000000006ee0000],  sp=0x0000000006edf8e0,  free space=1022k
Native frames: (J=compiled Java code, j=interpreted, Vv=VM code, C=native code)
V  [jvm.dll+0x3c9a2a]

VM_Operation (0x000000000b04f260): ParallelGCFailedAllocation, mode: safepoint, requested by thread 0x0000000007c46800


---------------  P R O C E S S  ---------------

Java Threads: ( => current thread )
  0x0000000007c46800 JavaThread "Thread-475231" [_thread_blocked, id=6316, stack(0x000000000af50000,0x000000000b050000)]
  0x0000000007c46000 JavaThread "Thread-475230" [_thread_blocked, id=3128, stack(0x00000000086a0000,0x00000000087a0000)]
  0x0000000006549800 JavaThread "Twitter4J Async Dispatcher[0]" daemon [_thread_blocked, id=7504, stack(0x00000000087a0000,0x00000000088a0000)]
  0x0000000007806800 JavaThread "Thread-3" [_thread_in_native, id=6236, stack(0x00000000085a0000,0x00000000086a0000)]
  0x0000000007b5b000 JavaThread "Twitter Stream consumer-1[Receiving stream]" [_thread_blocked, id=7208, stack(0x00000000084a0000,0x00000000085a0000)]
  0x00000000078ee800 JavaThread "HSQLDB Timer @292d15a9" daemon [_thread_blocked, id=6652, stack(0x00000000082e0000,0x00000000083e0000)]
  0x0000000006402800 JavaThread "Low Memory Detector" daemon [_thread_blocked, id=5572, stack(0x00000000074e0000,0x00000000075e0000)]
  0x00000000063fa000 JavaThread "C2 CompilerThread1" daemon [_thread_blocked, id=1588, stack(0x00000000073e0000,0x00000000074e0000)]
  0x00000000063ef000 JavaThread "C2 CompilerThread0" daemon [_thread_blocked, id=7272, stack(0x00000000072e0000,0x00000000073e0000)]
  0x00000000063ee000 JavaThread "Attach Listener" daemon [_thread_blocked, id=3996, stack(0x00000000071e0000,0x00000000072e0000)]
  0x00000000063ed000 JavaThread "Signal Dispatcher" daemon [_thread_blocked, id=7536, stack(0x00000000070e0000,0x00000000071e0000)]
  0x000000000639a000 JavaThread "Finalizer" daemon [_thread_blocked, id=6268, stack(0x0000000006fe0000,0x00000000070e0000)]
  0x0000000006394000 JavaThread "Reference Handler" daemon [_thread_blocked, id=6260, stack(0x0000000006ee0000,0x0000000006fe0000)]
  0x000000000024b800 JavaThread "main" [_thread_blocked, id=3528, stack(0x0000000002480000,0x0000000002580000)]

Other Threads:
=>0x0000000006388000 VMThread [stack: 0x0000000006de0000,0x0000000006ee0000] [id=7832]
  0x0000000006414000 WatcherThread [stack: 0x00000000075e0000,0x00000000076e0000] [id=2784]

VM state:at safepoint (normal execution)

VM Mutex/Monitor currently owned by a thread:  ([mutex/lock_event])
[0x0000000000249a00] Threads_lock - owner thread: 0x0000000006388000
[0x0000000000249f00] Heap_lock - owner thread: 0x0000000007c46800

Heap
 PSYoungGen      total 333824K, used 13792K [0x00000000eaab0000, 0x0000000100000000, 0x0000000100000000)
  eden space 318784K, 0% used [0x00000000eaab0000,0x00000000eaab0000,0x00000000fe200000)
  from space 15040K, 91% used [0x00000000ff0f0000,0x00000000ffe68000,0x00000000fffa0000)
  to   space 15296K, 0% used [0x00000000fe200000,0x00000000fe200000,0x00000000ff0f0000)
 PSOldGen        total 350784K, used 341039K [0x00000000c0000000, 0x00000000d5690000, 0x00000000eaab0000)
  object space 350784K, 97% used [0x00000000c0000000,0x00000000d4d0bec8,0x00000000d5690000)
 PSPermGen       total 21248K, used 16460K [0x00000000bae00000, 0x00000000bc2c0000, 0x00000000c0000000)
  object space 21248K, 77% used [0x00000000bae00000,0x00000000bbe130e0,0x00000000bc2c0000)

Code Cache  [0x0000000002580000, 0x0000000002940000, 0x0000000005580000)
 total_blobs=1195 nmethods=880 adapters=268 free_code_cache=46521664 largest_free_block=19328

Dynamic libraries:
0x0000000000400000 - 0x000000000042e000 	C:\Users\Antonio\algs4\java\bin\java.exe
0x00000000771e0000 - 0x0000000077389000 	C:\Windows\SYSTEM32\ntdll.dll
0x0000000076b00000 - 0x0000000076c1f000 	C:\Windows\system32\kernel32.dll
0x000007fefcb60000 - 0x000007fefcbcc000 	C:\Windows\system32\KERNELBASE.dll
0x000007fefe780000 - 0x000007fefe85b000 	C:\Windows\system32\ADVAPI32.dll
0x000007fefe880000 - 0x000007fefe91f000 	C:\Windows\system32\msvcrt.dll
0x000007fefe010000 - 0x000007fefe02f000 	C:\Windows\SYSTEM32\sechost.dll
0x000007fefe2e0000 - 0x000007fefe40d000 	C:\Windows\system32\RPCRT4.dll
0x000000006d7f0000 - 0x000000006dfa8000 	C:\Users\Antonio\algs4\java\bin\server\jvm.dll
0x0000000076f80000 - 0x000000007707a000 	C:\Windows\system32\USER32.dll
0x000007fefe500000 - 0x000007fefe567000 	C:\Windows\system32\GDI32.dll
0x000007fefe470000 - 0x000007fefe47e000 	C:\Windows\system32\LPK.dll
0x000007fefdf40000 - 0x000007fefe009000 	C:\Windows\system32\USP10.dll
0x000007fefa9a0000 - 0x000007fefa9db000 	C:\Windows\system32\WINMM.dll
0x000007fefe0d0000 - 0x000007fefe0fe000 	C:\Windows\system32\IMM32.DLL
0x000007fefdbd0000 - 0x000007fefdcd9000 	C:\Windows\system32\MSCTF.dll
0x000000006d760000 - 0x000000006d76e000 	C:\Users\Antonio\algs4\java\bin\verify.dll
0x000000006d3b0000 - 0x000000006d3d7000 	C:\Users\Antonio\algs4\java\bin\java.dll
0x000000006d7b0000 - 0x000000006d7c2000 	C:\Users\Antonio\algs4\java\bin\zip.dll
0x000007fefc430000 - 0x000007fefc447000 	C:\Windows\system32\CRYPTSP.dll
0x000007fefc040000 - 0x000007fefc087000 	C:\Windows\system32\rsaenh.dll
0x000007fefbd70000 - 0x000007fefbd8e000 	C:\Windows\system32\USERENV.dll
0x000007fefca70000 - 0x000007fefca7f000 	C:\Windows\system32\profapi.dll
0x000007fefc9a0000 - 0x000007fefc9af000 	C:\Windows\system32\CRYPTBASE.dll
0x000000006d600000 - 0x000000006d617000 	C:\Users\Antonio\algs4\java\bin\net.dll
0x000007fefddc0000 - 0x000007fefde0d000 	C:\Windows\system32\WS2_32.dll
0x000007fefdf30000 - 0x000007fefdf38000 	C:\Windows\system32\NSI.dll
0x000007fefc2e0000 - 0x000007fefc335000 	C:\Windows\system32\mswsock.dll
0x000007fefc2d0000 - 0x000007fefc2d7000 	C:\Windows\System32\wship6.dll
0x000007fef9a60000 - 0x000007fef9a75000 	C:\Windows\system32\NLAapi.dll
0x000007fef4fb0000 - 0x000007fef4fc5000 	C:\Windows\system32\napinsp.dll
0x000007fef4f90000 - 0x000007fef4fa9000 	C:\Windows\system32\pnrpnsp.dll
0x000007fefc160000 - 0x000007fefc1bb000 	C:\Windows\system32\DNSAPI.dll
0x000007fef4f80000 - 0x000007fef4f8b000 	C:\Windows\System32\winrnr.dll
0x0000000071f30000 - 0x0000000071f56000 	C:\Program Files\Bonjour\mdnsNSP.dll
0x000007fef9d90000 - 0x000007fef9db7000 	C:\Windows\system32\Iphlpapi.DLL
0x000007fef9d80000 - 0x000007fef9d8b000 	C:\Windows\system32\WINNSI.DLL
0x000007fef4f30000 - 0x000007fef4f5f000 	C:\Program Files\Common Files\Microsoft Shared\Windows Live\WLIDNSP.DLL
0x00000000773a0000 - 0x00000000773a7000 	C:\Windows\system32\PSAPI.DLL
0x000007fefe480000 - 0x000007fefe4f1000 	C:\Windows\system32\SHLWAPI.dll
0x000007fefbc50000 - 0x000007fefbc57000 	C:\Windows\System32\wshtcpip.dll
0x000007fef3c20000 - 0x000007fef3c28000 	C:\Windows\system32\rasadhlp.dll
0x000007fef9220000 - 0x000007fef9273000 	C:\Windows\System32\fwpuclnt.dll

VM Arguments:
jvm_args: -Xmx1024m 
java_command: controller.jar
Launcher Type: SUN_STANDARD

Environment Variables:
CLASSPATH=C:\Users\Antonio\algs4\algs4.jar;C:\Users\Antonio\algs4\stdlib.jar;C:\Users\Antonio\introcs\algs4.jar;C:\Users\Antonio\introcs\stdlib.jar;C:\Users\Antonio\introcs\j3d\lib\ext\j3dutils.jar;C:\Users\Antonio\introcs\j3d\lib\ext\j3dcore.jar;C:\Users\Antonio\introcs\j3d\lib\ext\vecmath.jar;.;C:\Program Files (x86)\Java\jre6\lib\ext\QTJava.zip
PATH=C:\Program Files (x86)\AMD APP\bin\x86_64;C:\Program Files (x86)\AMD APP\bin\x86;C:\Users\Antonio\algs4\java\bin;C:\Program Files\Common Files\Microsoft Shared\Windows Live;C:\Program Files (x86)\Common Files\Microsoft Shared\Windows Live;C:\Users\Antonio\introcs\java\bin;C:\Windows\system32;C:\Windows;C:\Windows\System32\Wbem;C:\Windows\System32\WindowsPowerShell\v1.0\;C:\Program Files\Intel\WiFi\bin\;C:\Program Files\Common Files\Intel\WirelessCommon\;C:\Program Files (x86)\Windows Live\Shared;C:\Program Files (x86)\ATI Technologies\ATI.ACE\Core-Static;C:\Program Files (x86)\QuickTime\QTSystem\;C:\Users\Antonio\algs4\bin;C:\Users\Antonio\algs4\java\bin;C:\Users\Antonio\introcs\bin;C:\Users\Antonio\introcs\j3d\bin;C:\Users\Antonio\introcs\java\bin;
USERNAME=Antonio
OS=Windows_NT
PROCESSOR_IDENTIFIER=Intel64 Family 6 Model 30 Stepping 5, GenuineIntel



---------------  S Y S T E M  ---------------

OS: Windows 7 , 64 bit Build 7601 Service Pack 1

CPU:total 8 (4 cores per cpu, 2 threads per core) family 6 model 30 stepping 5, cmov, cx8, fxsr, mmx, sse, sse2, sse3, ssse3, sse4.1, sse4.2, popcnt, ht

Memory: 4k page, physical 4182528k(1825420k free), swap 8363204k(4727216k free)

vm_info: Java HotSpot(TM) 64-Bit Server VM (20.2-b06) for windows-amd64 JRE (1.6.0_27-b07), built on Jul 19 2011 01:08:22 by "java_re" with MS VC++ 8.0 (VS2005)

time: Sat Aug 18 16:51:41 2012
elapsed time: 13180 seconds

